2021-05-14 15:37:48,003 [INFO] Activator:170 - 


2021-05-14 15:37:48,008 [INFO] Activator:171 - !SESSION log4j initialized
2021-05-14 15:44:51,740 [ERROR] ApiDbMcu:1471 - Can't use Application install path:
2021-05-14 15:44:54,057 [WARN] RulesReader:54 - Compatibility file://mcu/compatibility.xml not found
2021-05-14 15:46:03,075 [INFO] Activator:170 - 


2021-05-14 15:46:03,079 [INFO] Activator:171 - !SESSION log4j initialized
2021-05-14 15:46:04,438 [ERROR] ApiDbMcu:1471 - Can't use Application install path:
2021-05-14 15:46:06,737 [WARN] RulesReader:54 - Compatibility file://mcu/compatibility.xml not found
2021-05-14 16:54:26,859 [INFO] Activator:170 - 


2021-05-14 16:54:26,863 [INFO] Activator:171 - !SESSION log4j initialized
2021-05-14 16:54:30,300 [ERROR] ApiDbMcu:1471 - Can't use Application install path:
2021-05-14 16:54:32,603 [WARN] RulesReader:54 - Compatibility file://mcu/compatibility.xml not found
2021-05-14 16:55:58,023 [INFO] McuFinderGlobals:40 - Set McuFinder mode to 2 (CubeIDE integrated)
2021-05-14 16:55:58,427 [INFO] ApplicationProperties:181 - Using Application install path: C:\ST\STM32CubeIDE_1.5.1\STM32CubeIDE\plugins\com.st.stm32cube.common.mx_6.1.1.202012091304
2021-05-14 16:55:58,438 [INFO] DbMcusXml:71 - Set database path to: C:\ST\STM32CubeIDE_1.5.1\STM32CubeIDE\plugins\com.st.stm32cube.common.mx_6.1.1.202012091304\\db\/mcu/
2021-05-14 16:55:58,445 [INFO] DbBoardsPdsc:57 - Set plugin database path to: C:\ST\STM32CubeIDE_1.5.1\STM32CubeIDE\plugins\com.st.stm32cube.common.mx_6.1.1.202012091304\\db\/plugins/boardmanager/
2021-05-14 16:55:58,446 [INFO] DbMcus:259 - Set plugin images path to: C:\ST\STM32CubeIDE_1.5.1\STM32CubeIDE\plugins\com.st.stm32cube.common.mx_6.1.1.202012091304\\db\/plugins/mcufinder/images/
2021-05-14 16:55:58,446 [INFO] DbBoards:265 - Set plugin images path to: C:\ST\STM32CubeIDE_1.5.1\STM32CubeIDE\plugins\com.st.stm32cube.common.mx_6.1.1.202012091304\\db\/plugins/mcufinder/images/
2021-05-14 16:55:58,451 [INFO] DbExamples:329 - Set plugin images path to: C:\ST\STM32CubeIDE_1.5.1\STM32CubeIDE\plugins\com.st.stm32cube.common.mx_6.1.1.202012091304\\db\/plugins/mcufinder/images/
2021-05-14 16:55:58,464 [INFO] DbMcusDocs:112 - Set database path to: C:\Users\riza_\.stmcufinder\plugins\mcufinder//mcu/
2021-05-14 16:55:58,467 [INFO] DbMcusJson:63 - Set database path to: C:\Users\riza_\.stmcufinder\plugins\mcufinder//mcu/
2021-05-14 16:55:58,468 [INFO] DbBoardsDocs:112 - Set database path to: C:\Users\riza_\.stmcufinder\plugins\mcufinder//mcu/
2021-05-14 16:55:58,470 [INFO] DbBoardsJson:56 - Set database path to: C:\Users\riza_\.stmcufinder\plugins\mcufinder//mcu/
2021-05-14 16:55:58,503 [INFO] CrossReferenceDbSqlite:196 - Set database path to: C:\Users\riza_\.stmcufinder\plugins\mcufinder//mcu/cs/
2021-05-14 16:55:58,509 [INFO] DbExamplesSqlite:699 - Set database path to: C:\Users\riza_\.stmcufinder\plugins\mcufinder//mcu/
2021-05-14 16:55:58,657 [INFO] MicroXplorer:565 - Detected Java Version = 1.8.0_272
2021-05-14 16:55:58,659 [INFO] DbMcusXml:71 - Set database path to: C:\ST\STM32CubeIDE_1.5.1\STM32CubeIDE\plugins\com.st.stm32cube.common.mx_6.1.1.202012091304\\db\/mcu/
2021-05-14 16:55:58,659 [INFO] DbBoardsPdsc:57 - Set plugin database path to: C:\ST\STM32CubeIDE_1.5.1\STM32CubeIDE\plugins\com.st.stm32cube.common.mx_6.1.1.202012091304\\db\/plugins/boardmanager/
2021-05-14 16:55:58,660 [INFO] DbMcus:259 - Set plugin images path to: C:\ST\STM32CubeIDE_1.5.1\STM32CubeIDE\plugins\com.st.stm32cube.common.mx_6.1.1.202012091304\\db\/plugins/mcufinder/images/
2021-05-14 16:55:58,660 [INFO] DbBoards:265 - Set plugin images path to: C:\ST\STM32CubeIDE_1.5.1\STM32CubeIDE\plugins\com.st.stm32cube.common.mx_6.1.1.202012091304\\db\/plugins/mcufinder/images/
2021-05-14 16:55:58,660 [INFO] DbExamples:329 - Set plugin images path to: C:\ST\STM32CubeIDE_1.5.1\STM32CubeIDE\plugins\com.st.stm32cube.common.mx_6.1.1.202012091304\\db\/plugins/mcufinder/images/
2021-05-14 16:55:58,660 [WARN] DbFile:36 - Overriding database path with different value: C:\Users\riza_\.stmcufinder\plugins\mcufinder/ => C:\Users\riza_\.stmcufinder\plugins\mcufinder
2021-05-14 16:55:58,661 [INFO] DbMcusDocs:112 - Set database path to: C:\Users\riza_\.stmcufinder\plugins\mcufinder//mcu/
2021-05-14 16:55:58,661 [WARN] DbFile:36 - Overriding database path with different value: C:\Users\riza_\.stmcufinder\plugins\mcufinder/ => C:\Users\riza_\.stmcufinder\plugins\mcufinder
2021-05-14 16:55:58,661 [INFO] DbMcusJson:63 - Set database path to: C:\Users\riza_\.stmcufinder\plugins\mcufinder//mcu/
2021-05-14 16:55:58,661 [WARN] DbFile:36 - Overriding database path with different value: C:\Users\riza_\.stmcufinder\plugins\mcufinder/ => C:\Users\riza_\.stmcufinder\plugins\mcufinder
2021-05-14 16:55:58,661 [INFO] DbBoardsDocs:112 - Set database path to: C:\Users\riza_\.stmcufinder\plugins\mcufinder//mcu/
2021-05-14 16:55:58,662 [WARN] DbFile:36 - Overriding database path with different value: C:\Users\riza_\.stmcufinder\plugins\mcufinder/ => C:\Users\riza_\.stmcufinder\plugins\mcufinder
2021-05-14 16:55:58,662 [INFO] DbBoardsJson:56 - Set database path to: C:\Users\riza_\.stmcufinder\plugins\mcufinder//mcu/
2021-05-14 16:55:58,662 [WARN] DbFile:36 - Overriding database path with different value: C:\Users\riza_\.stmcufinder\plugins\mcufinder/ => C:\Users\riza_\.stmcufinder\plugins\mcufinder
2021-05-14 16:55:58,662 [WARN] DbFile:36 - Overriding database path with different value: C:\Users\riza_\.stmcufinder\plugins\mcufinder/ => C:\Users\riza_\.stmcufinder\plugins\mcufinder
2021-05-14 16:55:58,662 [INFO] CrossReferenceDbSqlite:196 - Set database path to: C:\Users\riza_\.stmcufinder\plugins\mcufinder//mcu/cs/
2021-05-14 16:55:58,663 [WARN] DbFile:36 - Overriding database path with different value: C:\Users\riza_\.stmcufinder\plugins\mcufinder/ => C:\Users\riza_\.stmcufinder\plugins\mcufinder
2021-05-14 16:55:58,663 [INFO] DbExamplesSqlite:699 - Set database path to: C:\Users\riza_\.stmcufinder\plugins\mcufinder//mcu/
2021-05-14 16:55:58,777 [INFO] MainPanel:190 - HeapMemory: 379584512
2021-05-14 16:55:58,905 [INFO] DbMcusXml:71 - Set database path to: C:\ST\STM32CubeIDE_1.5.1\STM32CubeIDE\plugins\com.st.stm32cube.common.mx_6.1.1.202012091304\\db\/mcu/
2021-05-14 16:55:58,905 [INFO] DbBoardsPdsc:57 - Set plugin database path to: C:\ST\STM32CubeIDE_1.5.1\STM32CubeIDE\plugins\com.st.stm32cube.common.mx_6.1.1.202012091304\\db\/plugins/boardmanager/
2021-05-14 16:55:58,905 [INFO] DbMcus:259 - Set plugin images path to: C:\ST\STM32CubeIDE_1.5.1\STM32CubeIDE\plugins\com.st.stm32cube.common.mx_6.1.1.202012091304\\db\/plugins/mcufinder/images/
2021-05-14 16:55:58,906 [INFO] DbBoards:265 - Set plugin images path to: C:\ST\STM32CubeIDE_1.5.1\STM32CubeIDE\plugins\com.st.stm32cube.common.mx_6.1.1.202012091304\\db\/plugins/mcufinder/images/
2021-05-14 16:55:58,906 [INFO] DbExamples:329 - Set plugin images path to: C:\ST\STM32CubeIDE_1.5.1\STM32CubeIDE\plugins\com.st.stm32cube.common.mx_6.1.1.202012091304\\db\/plugins/mcufinder/images/
2021-05-14 16:55:58,907 [WARN] DbFile:36 - Overriding database path with different value: C:\Users\riza_\.stmcufinder\plugins\mcufinder/ => C:\Users\riza_\.stmcufinder\plugins\mcufinder
2021-05-14 16:55:58,908 [INFO] DbMcusDocs:112 - Set database path to: C:\Users\riza_\.stmcufinder\plugins\mcufinder//mcu/
2021-05-14 16:55:58,908 [WARN] DbFile:36 - Overriding database path with different value: C:\Users\riza_\.stmcufinder\plugins\mcufinder/ => C:\Users\riza_\.stmcufinder\plugins\mcufinder
2021-05-14 16:55:58,908 [INFO] DbMcusJson:63 - Set database path to: C:\Users\riza_\.stmcufinder\plugins\mcufinder//mcu/
2021-05-14 16:55:58,908 [WARN] DbFile:36 - Overriding database path with different value: C:\Users\riza_\.stmcufinder\plugins\mcufinder/ => C:\Users\riza_\.stmcufinder\plugins\mcufinder
2021-05-14 16:55:58,909 [INFO] DbBoardsDocs:112 - Set database path to: C:\Users\riza_\.stmcufinder\plugins\mcufinder//mcu/
2021-05-14 16:55:58,909 [WARN] DbFile:36 - Overriding database path with different value: C:\Users\riza_\.stmcufinder\plugins\mcufinder/ => C:\Users\riza_\.stmcufinder\plugins\mcufinder
2021-05-14 16:55:58,909 [INFO] DbBoardsJson:56 - Set database path to: C:\Users\riza_\.stmcufinder\plugins\mcufinder//mcu/
2021-05-14 16:55:58,910 [WARN] DbFile:36 - Overriding database path with different value: C:\Users\riza_\.stmcufinder\plugins\mcufinder/ => C:\Users\riza_\.stmcufinder\plugins\mcufinder
2021-05-14 16:55:58,910 [WARN] DbFile:36 - Overriding database path with different value: C:\Users\riza_\.stmcufinder\plugins\mcufinder/ => C:\Users\riza_\.stmcufinder\plugins\mcufinder
2021-05-14 16:55:58,910 [INFO] CrossReferenceDbSqlite:196 - Set database path to: C:\Users\riza_\.stmcufinder\plugins\mcufinder//mcu/cs/
2021-05-14 16:55:58,911 [WARN] DbFile:36 - Overriding database path with different value: C:\Users\riza_\.stmcufinder\plugins\mcufinder/ => C:\Users\riza_\.stmcufinder\plugins\mcufinder
2021-05-14 16:55:58,911 [INFO] DbExamplesSqlite:699 - Set database path to: C:\Users\riza_\.stmcufinder\plugins\mcufinder//mcu/
2021-05-14 16:55:58,943 [INFO] ApplicationProperties:181 - Using Application install path: C:\ST\STM32CubeIDE_1.5.1\STM32CubeIDE\plugins\com.st.stm32cube.common.mx_6.1.1.202012091304
2021-05-14 16:55:58,946 [INFO] PluginManage:178 - Search for loadable plugins [exclusion list=, ]
2021-05-14 16:55:58,948 [INFO] PluginManage:292 - Check plugin analytics
2021-05-14 16:55:59,260 [INFO] AnalyticsPlugin:225 - Accepted Software Licenses: 
2021-05-14 16:55:59,261 [INFO] AnalyticsPlugin:227 - Accepted CMSIS Pack Licenses: 
2021-05-14 16:55:59,262 [INFO] AnalyticsPlugin:229 - Accepted Firmware Licenses: 
2021-05-14 16:55:59,262 [INFO] PluginManage:342 - Loaded plugin analytics (category:tool,tabindex:-1)
2021-05-14 16:55:59,263 [INFO] PluginManage:292 - Check plugin clock
2021-05-14 16:55:59,313 [INFO] PluginManage:342 - Loaded plugin clock (category:base,tabindex:2)
2021-05-14 16:55:59,314 [INFO] PluginManage:292 - Check plugin ddr
2021-05-14 16:55:59,319 [INFO] PluginManage:342 - Loaded plugin ddr (category:tool,tabindex:6)
2021-05-14 16:55:59,320 [INFO] PluginManage:292 - Check plugin filemanager
2021-05-14 16:55:59,561 [INFO] PluginManage:342 - Loaded plugin filemanager (category:base,tabindex:10)
2021-05-14 16:55:59,561 [INFO] PluginManage:292 - Check plugin ipmanager
2021-05-14 16:55:59,577 [INFO] PluginManage:342 - Loaded plugin ipmanager (category:base,tabindex:5)
2021-05-14 16:55:59,578 [INFO] PluginManage:292 - Check plugin pinoutandconfiguration
2021-05-14 16:55:59,615 [INFO] PluginManage:342 - Loaded plugin pinoutandconfiguration (category:base,tabindex:1)
2021-05-14 16:55:59,616 [INFO] PluginManage:292 - Check plugin pinoutconfig
2021-05-14 16:55:59,667 [INFO] PluginManage:342 - Loaded plugin pinoutconfig (category:base,tabindex:0)
2021-05-14 16:55:59,668 [INFO] PluginManage:292 - Check plugin power
2021-05-14 16:55:59,697 [INFO] PluginManage:342 - Loaded plugin power (category:power,tabindex:4)
2021-05-14 16:55:59,698 [INFO] PluginManage:292 - Check plugin projectmanager
2021-05-14 16:55:59,725 [INFO] PluginManage:342 - Loaded plugin projectmanager (category:projectmanager,tabindex:3)
2021-05-14 16:55:59,726 [INFO] PluginManage:292 - Check plugin thirdparty
2021-05-14 16:56:00,113 [INFO] PluginManage:342 - Loaded plugin thirdparty (category:base,tabindex:-1)
2021-05-14 16:56:00,113 [WARN] IntegrityCheckThread:59 - waiting for thirdparty lock release [integrity check]
2021-05-14 16:56:00,113 [INFO] PluginManage:292 - Check plugin tools
2021-05-14 16:56:00,114 [INFO] IntegrityCheckThread:61 - entering critical section [integrity check]
2021-05-14 16:56:00,115 [INFO] ThirdPartyUpdaterWithRetryManager:56 - Updater plugin not ready yet. [1/15]
2021-05-14 16:56:00,237 [INFO] PluginManage:342 - Loaded plugin tools (category:base,tabindex:7)
2021-05-14 16:56:00,237 [INFO] PluginManage:292 - Check plugin tutovideos
2021-05-14 16:56:00,646 [INFO] PluginManage:342 - Loaded plugin tutovideos (category:base,tabindex:-1)
2021-05-14 16:56:00,647 [INFO] PluginManage:292 - Check plugin updater
2021-05-14 16:56:00,673 [INFO] PluginManage:342 - Loaded plugin updater (category:base,tabindex:12)
2021-05-14 16:56:00,674 [INFO] PluginManage:265 - PluginManage : Loaded plugins [13]
2021-05-14 16:56:00,973 [INFO] PinOutPanel:1434 - setPackage(No Configuration,No Configuration)
2021-05-14 16:56:01,145 [INFO] IPUIPlugin:64 - create IPUIPlugin
2021-05-14 16:56:01,145 [INFO] PluginManager:203 - loadIPPluginJar : add adc
2021-05-14 16:56:01,196 [INFO] IPUIPlugin:64 - create IPUIPlugin
2021-05-14 16:56:01,197 [INFO] PluginManager:203 - loadIPPluginJar : add aes
2021-05-14 16:56:01,263 [INFO] IPUIPlugin:64 - create IPUIPlugin
2021-05-14 16:56:01,263 [INFO] PluginManager:203 - loadIPPluginJar : add can
2021-05-14 16:56:01,306 [INFO] IPUIPlugin:64 - create IPUIPlugin
2021-05-14 16:56:01,306 [INFO] PluginManager:203 - loadIPPluginJar : add comp
2021-05-14 16:56:01,357 [INFO] IPUIPlugin:64 - create IPUIPlugin
2021-05-14 16:56:01,358 [INFO] PluginManager:203 - loadIPPluginJar : add cryp
2021-05-14 16:56:01,410 [INFO] IPUIPlugin:64 - create IPUIPlugin
2021-05-14 16:56:01,410 [INFO] PluginManager:203 - loadIPPluginJar : add dfsdm
2021-05-14 16:56:01,432 [INFO] IPUIPlugin:64 - create IPUIPlugin
2021-05-14 16:56:01,433 [INFO] PluginManager:203 - loadIPPluginJar : add dma
2021-05-14 16:56:01,474 [INFO] IPUIPlugin:64 - create IPUIPlugin
2021-05-14 16:56:01,474 [INFO] PluginManager:203 - loadIPPluginJar : add fatfs
2021-05-14 16:56:01,550 [INFO] IPUIPlugin:64 - create IPUIPlugin
2021-05-14 16:56:01,551 [INFO] PluginManager:203 - loadIPPluginJar : add fmc
2021-05-14 16:56:01,574 [INFO] IPUIPlugin:64 - create IPUIPlugin
2021-05-14 16:56:01,574 [INFO] PluginManager:203 - loadIPPluginJar : add freertos
2021-05-14 16:56:01,614 [INFO] IPUIPlugin:64 - create IPUIPlugin
2021-05-14 16:56:01,616 [INFO] PluginManager:203 - loadIPPluginJar : add genericplugin
2021-05-14 16:56:01,742 [INFO] IPUIPlugin:64 - create IPUIPlugin
2021-05-14 16:56:01,743 [INFO] PluginManager:203 - loadIPPluginJar : add gfxmmu
2021-05-14 16:56:01,916 [INFO] IPUIPlugin:64 - create IPUIPlugin
2021-05-14 16:56:01,917 [INFO] PluginManager:203 - loadIPPluginJar : add gic
2021-05-14 16:56:01,937 [INFO] IPUIPlugin:64 - create IPUIPlugin
2021-05-14 16:56:01,937 [INFO] PluginManager:203 - loadIPPluginJar : add gpio
2021-05-14 16:56:02,031 [INFO] IPUIPlugin:64 - create IPUIPlugin
2021-05-14 16:56:02,031 [INFO] PluginManager:203 - loadIPPluginJar : add gtzc
2021-05-14 16:56:02,080 [INFO] IPUIPlugin:64 - create IPUIPlugin
2021-05-14 16:56:02,080 [INFO] PluginManager:203 - loadIPPluginJar : add hash
2021-05-14 16:56:02,159 [INFO] IPUIPlugin:64 - create IPUIPlugin
2021-05-14 16:56:02,159 [INFO] PluginManager:203 - loadIPPluginJar : add i2c
2021-05-14 16:56:02,223 [INFO] IPUIPlugin:64 - create IPUIPlugin
2021-05-14 16:56:02,223 [INFO] PluginManager:203 - loadIPPluginJar : add i2s
2021-05-14 16:56:02,241 [INFO] IPUIPlugin:64 - create IPUIPlugin
2021-05-14 16:56:02,242 [INFO] PluginManager:203 - loadIPPluginJar : add ipddr
2021-05-14 16:56:02,301 [INFO] IPUIPlugin:64 - create IPUIPlugin
2021-05-14 16:56:02,301 [INFO] PluginManager:203 - loadIPPluginJar : add lorawan
2021-05-14 16:56:02,358 [INFO] IPUIPlugin:64 - create IPUIPlugin
2021-05-14 16:56:02,359 [INFO] PluginManager:203 - loadIPPluginJar : add ltdc
2021-05-14 16:56:02,378 [INFO] IPUIPlugin:64 - create IPUIPlugin
2021-05-14 16:56:02,378 [INFO] PluginManager:203 - loadIPPluginJar : add mdma
2021-05-14 16:56:02,396 [INFO] IPUIPlugin:64 - create IPUIPlugin
2021-05-14 16:56:02,397 [INFO] PluginManager:203 - loadIPPluginJar : add nvic
2021-05-14 16:56:02,453 [INFO] IPUIPlugin:64 - create IPUIPlugin
2021-05-14 16:56:02,453 [INFO] PluginManager:203 - loadIPPluginJar : add opamp
2021-05-14 16:56:02,544 [INFO] IPUIPlugin:64 - create IPUIPlugin
2021-05-14 16:56:02,545 [INFO] PluginManager:203 - loadIPPluginJar : add openamp
2021-05-14 16:56:02,609 [INFO] IPUIPlugin:64 - create IPUIPlugin
2021-05-14 16:56:02,610 [INFO] PluginManager:203 - loadIPPluginJar : add pdm2pcm
2021-05-14 16:56:02,632 [INFO] IPUIPlugin:64 - create IPUIPlugin
2021-05-14 16:56:02,637 [INFO] PluginManager:203 - loadIPPluginJar : add plateformsettings
2021-05-14 16:56:02,678 [INFO] IPUIPlugin:64 - create IPUIPlugin
2021-05-14 16:56:02,679 [INFO] PluginManager:203 - loadIPPluginJar : add quadspi
2021-05-14 16:56:02,697 [INFO] IPUIPlugin:64 - create IPUIPlugin
2021-05-14 16:56:02,697 [INFO] PluginManager:203 - loadIPPluginJar : add resmgrutility
2021-05-14 16:56:02,773 [INFO] IPUIPlugin:64 - create IPUIPlugin
2021-05-14 16:56:02,773 [INFO] PluginManager:203 - loadIPPluginJar : add sai
2021-05-14 16:56:02,833 [INFO] IPUIPlugin:64 - create IPUIPlugin
2021-05-14 16:56:02,834 [INFO] PluginManager:203 - loadIPPluginJar : add spi
2021-05-14 16:56:02,910 [INFO] IPUIPlugin:64 - create IPUIPlugin
2021-05-14 16:56:02,910 [INFO] PluginManager:203 - loadIPPluginJar : add stm32_wpan
2021-05-14 16:56:02,952 [INFO] IPUIPlugin:64 - create IPUIPlugin
2021-05-14 16:56:02,953 [INFO] PluginManager:203 - loadIPPluginJar : add tim
2021-05-14 16:56:03,040 [INFO] IPUIPlugin:64 - create IPUIPlugin
2021-05-14 16:56:03,041 [INFO] PluginManager:203 - loadIPPluginJar : add touchsensing
2021-05-14 16:56:03,085 [INFO] IPUIPlugin:64 - create IPUIPlugin
2021-05-14 16:56:03,085 [INFO] PluginManager:203 - loadIPPluginJar : add tracer_emb
2021-05-14 16:56:03,128 [INFO] IPUIPlugin:64 - create IPUIPlugin
2021-05-14 16:56:03,128 [INFO] PluginManager:203 - loadIPPluginJar : add ts
2021-05-14 16:56:03,130 [INFO] ThirdPartyUpdaterWithRetryManager:56 - Updater plugin not ready yet. [2/15]
2021-05-14 16:56:03,170 [INFO] IPUIPlugin:64 - create IPUIPlugin
2021-05-14 16:56:03,170 [INFO] PluginManager:203 - loadIPPluginJar : add tsc
2021-05-14 16:56:03,212 [INFO] IPUIPlugin:64 - create IPUIPlugin
2021-05-14 16:56:03,212 [INFO] PluginManager:203 - loadIPPluginJar : add ucpd
2021-05-14 16:56:03,281 [INFO] IPUIPlugin:64 - create IPUIPlugin
2021-05-14 16:56:03,281 [INFO] PluginManager:203 - loadIPPluginJar : add usart
2021-05-14 16:56:03,782 [FATAL] Updater:284 - Updater called before beeing initialized
2021-05-14 16:56:03,999 [FATAL] Updater:284 - Updater called before beeing initialized
2021-05-14 16:56:04,073 [WARN] DetailPanel:347 - Failed to get advertising image, set to default
2021-05-14 16:56:04,079 [FATAL] Updater:284 - Updater called before beeing initialized
2021-05-14 16:56:04,080 [WARN] DetailPanel:347 - Failed to get advertising image, set to default
2021-05-14 16:56:04,164 [FATAL] Updater:284 - Updater called before beeing initialized
2021-05-14 16:56:04,165 [WARN] ThirdParty:783 - waiting for thirdparty lock release [close project]
2021-05-14 16:56:06,134 [INFO] ThirdPartyUpdaterWithRetryManager:56 - Updater plugin not ready yet. [3/15]
2021-05-14 16:56:09,143 [FATAL] Updater:284 - Updater called before beeing initialized
2021-05-14 16:56:09,144 [ERROR] AbstractThirdPartyUpdaterManager:153 - java.lang.Integer cannot be cast to java.util.List
2021-05-14 16:56:09,145 [INFO] ThirdParty:887 - Integrity check success = false
2021-05-14 16:56:09,146 [INFO] IntegrityCheckThread:75 - exiting critical section [integrity check]
2021-05-14 16:56:09,146 [INFO] IntegrityCheckThread:78 - End integrity checks thread
2021-05-14 16:56:09,146 [INFO] ThirdParty:785 - entering critical section [close project]
2021-05-14 16:56:09,152 [INFO] ThirdParty:796 - exiting critical section [close project]
2021-05-14 16:56:09,170 [INFO] PinOutPanel:1434 - setPackage(No Configuration,No Configuration)
2021-05-14 16:56:09,172 [FATAL] Updater:284 - Updater called before beeing initialized
2021-05-14 16:56:09,212 [ERROR] Updater:1065 - MainUpdater not yet initialized. External WinMGr cannot be set.
2021-05-14 16:56:09,226 [INFO] Updater:1002 - Updater Version found : 6.1.1
2021-05-14 16:56:09,264 [INFO] ApplicationProperties:181 - Using Application install path: C:\ST\STM32CubeIDE_1.5.1\STM32CubeIDE\plugins\com.st.stm32cube.common.mx_6.1.1.202012091304
2021-05-14 16:56:09,551 [INFO] MainUpdater:2644 - connection check result : 10
2021-05-14 16:56:09,553 [INFO] MainUpdater:249 - Updater Check For Update Now.
2021-05-14 16:56:09,553 [INFO] MicroXplorer:415 - Change Database Version : DB.6.0.10
2021-05-14 16:56:09,682 [INFO] CheckServerUpdateThread:102 - End of CheckServer Thread
2021-05-14 16:56:09,728 [INFO] MainUpdater:2644 - connection check result : 10
2021-05-14 16:56:11,473 [INFO] CrossSelectorPresenter:1330 - Cross Selector saved comparison directory: C:\Users\riza_\.stmcufinder\plugins\mcufinder\mcu\cs_comparisons_mx
2021-05-14 16:56:11,481 [INFO] MultiScanPanel:198 - Auto-refresh data requested => check proxy status ongoing
2021-05-14 16:56:11,487 [INFO] FinderPluginLoader:87 - Searching for filters in installed packs
2021-05-14 16:56:11,489 [INFO] DbMcusXml:97 - Load MCU database from C:\ST\STM32CubeIDE_1.5.1\STM32CubeIDE\plugins\com.st.stm32cube.common.mx_6.1.1.202012091304\\db\/mcu/families.xml
2021-05-14 16:56:13,552 [INFO] DbMcusJson:92 - JSON generation date=Mon Feb 08 14:35:07 CET 2021 (1612791307)
2021-05-14 16:56:15,802 [INFO] DbMcus:176 - Found 1835 MCUs (1796 are supported by CubeMX, 1804 are visible in CubeMX)
2021-05-14 16:56:15,804 [INFO] ApiDb:238 - Load user favorites file C:\Users\riza_/.stm32cubeide/favorites.mcus.txt: 0 item(s)
2021-05-14 16:56:15,805 [INFO] ApiDb:242 - User favorites MCUs=[]
2021-05-14 16:56:15,805 [INFO] DbMcus:188 - Set 0 / 0 favorites MCUs
2021-05-14 16:56:16,887 [WARN] DetailPanel:347 - Failed to get advertising image, set to default
2021-05-14 16:56:17,701 [INFO] McuFilterPanel:245 - Update 0 favorites MCUs
2021-05-14 16:56:17,908 [INFO] DbBoardsPdsc:91 - Found 24 items
2021-05-14 16:56:17,928 [INFO] DbBoardsPdsc:91 - Found 9 items
2021-05-14 16:56:17,952 [INFO] DbBoardsPdsc:91 - Found 32 items
2021-05-14 16:56:17,970 [INFO] DbBoardsPdsc:91 - Found 1 items
2021-05-14 16:56:18,000 [INFO] DbBoardsPdsc:91 - Found 45 items
2021-05-14 16:56:18,030 [INFO] DbBoardsPdsc:91 - Found 41 items
2021-05-14 16:56:18,048 [INFO] DbBoardsPdsc:91 - Found 2 items
2021-05-14 16:56:18,067 [INFO] DbBoardsPdsc:91 - Found 4 items
2021-05-14 16:56:18,147 [WARN] DbBoardsPdsc:255 - Board STM32H7B3I-DK: unknown feature type=Audio, name=, username=Audio stereo codec with Headphone Amp (CS42L51-CNZ), n=1
2021-05-14 16:56:18,148 [WARN] DbBoardsPdsc:255 - Board STM32H735G-DK: unknown feature type=Audio, name=, username=Audio stereo codec with Headphone Amp (WM8994ECS/R), n=1
2021-05-14 16:56:18,157 [WARN] DbBoardsPdsc:255 - Board STM32H7B3I-EVAL: unknown feature type=Audio, name=, username=Multi-Channel Audio Codec (CS42L51-CNZ), n=1
2021-05-14 16:56:18,158 [WARN] DbBoardsPdsc:255 - Board STM32H7B3I-EVAL: unknown feature type=Meter, name=, username=Power-metering and Temperature-monitoring with sigma-delta modulators, n=1
2021-05-14 16:56:18,158 [WARN] DbBoardsPdsc:255 - Board STM32H7B3I-EVAL: unknown feature type=Motor, name=, username=Motor Control, n=1
2021-05-14 16:56:18,197 [INFO] DbBoardsJson:85 - JSON generation date=Thu Feb 04 17:53:45 CET 2021 (1612457625)
2021-05-14 16:56:18,211 [INFO] DbBoards:118 - Found 160 boards (155 are supported by CubeMX)
2021-05-14 16:56:18,251 [INFO] DbBoardsDocs:145 - JSON generation date=Mon Feb 08 14:35:07 CET 2021 (1612791307)
2021-05-14 16:56:18,311 [INFO] DbBoardsDocs:81 - Found 193 boards documents
2021-05-14 16:56:18,312 [WARN] DbBoards:128 - board B-L462E-CELL1 has no document id list !
2021-05-14 16:56:18,312 [WARN] DbBoards:128 - board B-L475E-IOT01A2 has no document id list !
2021-05-14 16:56:18,314 [WARN] DbBoards:128 - board NUCLEO-G0B1RE has no document id list !
2021-05-14 16:56:18,314 [WARN] DbBoards:128 - board NUCLEO-H743ZI2 has no document id list !
2021-05-14 16:56:18,316 [WARN] DbBoards:128 - board NUCLEO-L4A6ZG has no document id list !
2021-05-14 16:56:18,317 [WARN] DbBoards:128 - board NUCLEO-WB55RG has no document id list !
2021-05-14 16:56:18,317 [WARN] DbBoards:128 - board NUCLEO-WL55JC1 has no document id list !
2021-05-14 16:56:18,317 [WARN] DbBoards:128 - board NUCLEO-WL55JC2 has no document id list !
2021-05-14 16:56:18,318 [WARN] DbBoards:128 - board P-NUCLEO-WB55-Nucleo has no document id list !
2021-05-14 16:56:18,318 [WARN] DbBoards:128 - board P-NUCLEO-WB55-USBDongle has no document id list !
2021-05-14 16:56:18,318 [WARN] DbBoards:128 - board STEVAL-BFA001V1B has no document id list !
2021-05-14 16:56:18,319 [WARN] DbBoards:128 - board STEVAL-BFA001V2B has no document id list !
2021-05-14 16:56:18,319 [WARN] DbBoards:128 - board STEVAL-IDP005V1 has no document id list !
2021-05-14 16:56:18,319 [WARN] DbBoards:128 - board STEVAL-IDP005V2 has no document id list !
2021-05-14 16:56:18,319 [WARN] DbBoards:128 - board STEVAL-MKSBOX1V1 has no document id list !
2021-05-14 16:56:18,320 [WARN] DbBoards:128 - board STEVAL-STWINKT1 has no document id list !
2021-05-14 16:56:18,320 [WARN] DbBoards:128 - board STEVAL-STWINKT1B has no document id list !
2021-05-14 16:56:18,321 [WARN] DbBoards:128 - board STM32F401C-DISCO has no document id list !
2021-05-14 16:56:18,322 [WARN] DbBoards:128 - board STM32F769I-DISC1 has no document id list !
2021-05-14 16:56:18,323 [WARN] DbBoards:128 - board STM32G0C1E-EV has no document id list !
2021-05-14 16:56:18,323 [WARN] DbBoards:128 - board STM32G474E-EVAL1 has no document id list !
2021-05-14 16:56:18,324 [WARN] DbBoards:128 - board STM32H743I-EVAL2 has no document id list !
2021-05-14 16:56:18,324 [WARN] DbBoards:128 - board STM32H747I-DISC1 has no document id list !
2021-05-14 16:56:18,325 [WARN] DbBoards:128 - board STM32H753I-EVAL2 has no document id list !
2021-05-14 16:56:18,325 [WARN] DbBoards:128 - board STM32L-DISCOVERY has no document id list !
2021-05-14 16:56:18,327 [WARN] DbBoards:128 - board STM32MP157A-DK1 has no document id list !
2021-05-14 16:56:18,327 [WARN] DbBoards:128 - board STM32MP157F-DK2 has no document id list !
2021-05-14 16:56:18,328 [WARN] DbBoards:128 - board STM32MP157F-EV1 has no document id list !
2021-05-14 16:56:19,319 [ERROR] DbBoards:190 - Image file not found for board NUCLEO-WL55JC: C:\ST\STM32CubeIDE_1.5.1\STM32CubeIDE\plugins\com.st.stm32cube.common.mx_6.1.1.202012091304\\db\/plugins/mcufinder/images/boards/nucleo-wl55jc-small.jpg
2021-05-14 16:56:19,849 [ERROR] DbBoards:190 - Image file not found for board STEVAL-STWINKT1B: C:\ST\STM32CubeIDE_1.5.1\STM32CubeIDE\plugins\com.st.stm32cube.common.mx_6.1.1.202012091304\\db\/plugins/mcufinder/images/boards/steval-stwinkt1b_small.jpg
2021-05-14 16:56:20,749 [ERROR] DbBoards:190 - Image file not found for board STM32H7B3I-EVAL: C:\ST\STM32CubeIDE_1.5.1\STM32CubeIDE\plugins\com.st.stm32cube.common.mx_6.1.1.202012091304\\db\/plugins/mcufinder/images/boards/stm32h7b3ieval_small.jpg
2021-05-14 16:56:21,105 [INFO] ApiDb:238 - Load user favorites file C:\Users\riza_/.stm32cubeide/favorites.boards.txt: 0 item(s)
2021-05-14 16:56:21,106 [INFO] ApiDb:242 - User favorites Boards=[]
2021-05-14 16:56:21,106 [INFO] DbBoards:207 - Set 0 / 0 favorites Boards
2021-05-14 16:56:33,726 [INFO] MainUpdater:2644 - connection check result : 10
2021-05-14 16:56:33,727 [INFO] MainUpdater:2644 - connection check result : 10
2021-05-14 16:56:33,826 [INFO] MicroXplorer:385 - Change Database Path : 
2021-05-14 16:56:33,826 [INFO] MicroXplorer:415 - Change Database Version : DB.6.0.10
2021-05-14 16:56:33,827 [WARN] ThirdParty:783 - waiting for thirdparty lock release [close project]
2021-05-14 16:56:33,827 [INFO] ThirdParty:785 - entering critical section [close project]
2021-05-14 16:56:33,827 [INFO] ThirdParty:796 - exiting critical section [close project]
2021-05-14 16:56:33,832 [INFO] PinOutPanel:1434 - setPackage(No Configuration,No Configuration)
2021-05-14 16:56:33,834 [INFO] UtilMem:74 - Begin LoadConfig() Used Memory: 361893288 Bytes (495976448)
2021-05-14 16:56:33,837 [INFO] MicroXplorer:385 - Change Database Path : 
2021-05-14 16:56:33,839 [INFO] MicroXplorer:415 - Change Database Version : DB.6.0.10
2021-05-14 16:56:33,839 [INFO] OpenFileManager:274 - Change cursor
2021-05-14 16:56:33,844 [WARN] ThirdParty:204 - Use empty third party IP manager
2021-05-14 16:56:33,927 [WARN] IntegrityCheckThread:59 - waiting for thirdparty lock release [integrity check]
2021-05-14 16:56:33,927 [INFO] IntegrityCheckThread:61 - entering critical section [integrity check]
2021-05-14 16:56:34,273 [WARN] ConditionMgr:437 - getConditionDescription Invalid condition id : SIGFOX STM32 LIB Condition cause : null
2021-05-14 16:56:34,276 [WARN] ConditionMgr:437 - getConditionDescription Invalid condition id : Sigfox Third Party LIB Condition cause : null
2021-05-14 16:56:34,295 [WARN] ConditionMgr:1040 - genDependencies : Invalid condition id : SIGFOX STM32 LIB Condition cause : null
2021-05-14 16:56:34,295 [WARN] ConditionMgr:1040 - genDependencies : Invalid condition id : Sigfox Third Party LIB Condition cause : null
2021-05-14 16:56:34,297 [WARN] ConditionMgr:1040 - genDependencies : Invalid condition id : Sigfox Third Party LIB Condition cause : null
2021-05-14 16:56:34,297 [WARN] ConditionMgr:1040 - genDependencies : Invalid condition id : SIGFOX STM32 LIB Condition cause : null
2021-05-14 16:56:34,298 [WARN] ConditionMgr:1040 - genDependencies : Invalid condition id : SIGFOX STM32 LIB Condition cause : null
2021-05-14 16:56:34,298 [WARN] ConditionMgr:1040 - genDependencies : Invalid condition id : Sigfox Third Party LIB Condition cause : null
2021-05-14 16:56:35,743 [INFO] ThirdParty:887 - Integrity check success = true
2021-05-14 16:56:35,743 [INFO] IntegrityCheckThread:75 - exiting critical section [integrity check]
2021-05-14 16:56:35,743 [INFO] IntegrityCheckThread:78 - End integrity checks thread
2021-05-14 16:56:40,010 [WARN] ApiManager:294 - Cannot register API 'Board Extension:S2868A1' from pack STMicroelectronics.X-CUBE-SFXS2LP1.3.0.0: no header file found
2021-05-14 16:56:40,010 [WARN] ApiManager:294 - Cannot register API 'Board Extension:S2868A2' from pack STMicroelectronics.X-CUBE-SFXS2LP1.3.0.0: no header file found
2021-05-14 16:56:40,011 [WARN] ApiManager:294 - Cannot register API 'Board Extension:S2915A1' from pack STMicroelectronics.X-CUBE-SFXS2LP1.3.0.0: no header file found
2021-05-14 16:56:40,023 [WARN] ApiManager:294 - Cannot register API 'Board Extension:S2868A1' from pack STMicroelectronics.X-CUBE-SUBG2.3.0.1: no header file found
2021-05-14 16:56:40,023 [WARN] ApiManager:294 - Cannot register API 'Board Extension:S2868A2' from pack STMicroelectronics.X-CUBE-SUBG2.3.0.1: no header file found
2021-05-14 16:56:40,025 [WARN] ApiManager:294 - Cannot register API 'Board Extension:S2915A1' from pack STMicroelectronics.X-CUBE-SUBG2.3.0.1: no header file found
2021-05-14 16:56:40,034 [WARN] ModelIntegratedComponent:51 - No mode defined for component null
2021-05-14 16:56:40,035 [WARN] ModelIntegratedComponent:51 - No mode defined for component null
2021-05-14 16:56:40,035 [WARN] ModelIntegratedComponent:51 - No mode defined for component null
2021-05-14 16:56:40,036 [WARN] ModelIntegratedComponent:51 - No mode defined for component null
2021-05-14 16:56:40,036 [WARN] ModelIntegratedComponent:51 - No mode defined for component null
2021-05-14 16:56:40,036 [WARN] ModelIntegratedComponent:51 - No mode defined for component null
2021-05-14 16:56:40,036 [WARN] ModelIntegratedComponent:51 - No mode defined for component null
2021-05-14 16:56:40,037 [WARN] ModelIntegratedComponent:51 - No mode defined for component null
2021-05-14 16:56:40,037 [WARN] ModelIntegratedComponent:51 - No mode defined for component null
2021-05-14 16:56:40,037 [WARN] ModelIntegratedComponent:51 - No mode defined for component null
2021-05-14 16:56:40,037 [WARN] ModelIntegratedComponent:51 - No mode defined for component null
2021-05-14 16:56:40,037 [WARN] ModelIntegratedComponent:51 - No mode defined for component null
2021-05-14 16:56:40,038 [WARN] ModelIntegratedComponent:51 - No mode defined for component null
2021-05-14 16:56:40,038 [WARN] ModelIntegratedComponent:51 - No mode defined for component null
2021-05-14 16:56:40,038 [WARN] ModelIntegratedComponent:51 - No mode defined for component null
2021-05-14 16:56:40,038 [WARN] ModelIntegratedComponent:51 - No mode defined for component null
2021-05-14 16:56:40,038 [WARN] ModelIntegratedComponent:51 - No mode defined for component null
2021-05-14 16:56:40,038 [WARN] ModelIntegratedComponent:51 - No mode defined for component null
2021-05-14 16:56:40,039 [WARN] ModelIntegratedComponent:51 - No mode defined for component null
2021-05-14 16:56:40,039 [WARN] ModelIntegratedComponent:51 - No mode defined for component null
2021-05-14 16:56:40,039 [WARN] ModelIntegratedComponent:51 - No mode defined for component null
2021-05-14 16:56:40,039 [WARN] ModelIntegratedComponent:51 - No mode defined for component null
2021-05-14 16:56:40,039 [WARN] ModelIntegratedComponent:51 - No mode defined for component null
2021-05-14 16:56:40,040 [WARN] ModelIntegratedComponent:51 - No mode defined for component null
2021-05-14 16:56:40,040 [WARN] ModelIntegratedComponent:51 - No mode defined for component null
2021-05-14 16:56:40,040 [WARN] ModelIntegratedComponent:51 - No mode defined for component null
2021-05-14 16:56:40,040 [WARN] ModelIntegratedComponent:51 - No mode defined for component null
2021-05-14 16:56:40,041 [WARN] ModelIntegratedComponent:51 - No mode defined for component null
2021-05-14 16:56:40,041 [WARN] ModelIntegratedComponent:51 - No mode defined for component null
2021-05-14 16:56:40,041 [WARN] ModelIntegratedComponent:51 - No mode defined for component null
2021-05-14 16:56:40,042 [WARN] ModelIntegratedComponent:51 - No mode defined for component null
2021-05-14 16:56:40,042 [WARN] ModelIntegratedComponent:51 - No mode defined for component null
2021-05-14 16:56:40,042 [WARN] ModelIntegratedComponent:51 - No mode defined for component null
2021-05-14 16:56:40,043 [WARN] ModelIntegratedComponent:51 - No mode defined for component null
2021-05-14 16:56:40,043 [WARN] ModelIntegratedComponent:51 - No mode defined for component null
2021-05-14 16:56:40,043 [WARN] ModelIntegratedComponent:51 - No mode defined for component null
2021-05-14 16:56:40,043 [WARN] ModelIntegratedComponent:51 - No mode defined for component null
2021-05-14 16:56:40,043 [WARN] ModelIntegratedComponent:51 - No mode defined for component null
2021-05-14 16:56:40,050 [WARN] ApiManager:294 - Cannot register API 'Board Extension:S2868A1' from pack STMicroelectronics.X-CUBE-SFXS2LP1.2.0.0: no header file found
2021-05-14 16:56:40,050 [WARN] ApiManager:294 - Cannot register API 'Board Extension:S2868A2' from pack STMicroelectronics.X-CUBE-SFXS2LP1.2.0.0: no header file found
2021-05-14 16:56:40,051 [WARN] ApiManager:294 - Cannot register API 'Board Extension:S2915A1' from pack STMicroelectronics.X-CUBE-SFXS2LP1.2.0.0: no header file found
2021-05-14 16:56:40,058 [WARN] ApiManager:294 - Cannot register API 'Board Extension:S2868A1' from pack STMicroelectronics.X-CUBE-SUBG2.4.0.0: no header file found
2021-05-14 16:56:40,059 [WARN] ApiManager:294 - Cannot register API 'Board Extension:S2868A2' from pack STMicroelectronics.X-CUBE-SUBG2.4.0.0: no header file found
2021-05-14 16:56:40,059 [WARN] ApiManager:294 - Cannot register API 'Board Extension:S2915A1' from pack STMicroelectronics.X-CUBE-SUBG2.4.0.0: no header file found
2021-05-14 16:56:40,410 [WARN] ApiManager:294 - Cannot register API 'Board Extension:IKS01A3' from pack STMicroelectronics.X-CUBE-MEMS1.8.2.0: no header file found
2021-05-14 16:56:40,410 [WARN] ApiManager:294 - Cannot register API 'Board Extension:IKS01A2' from pack STMicroelectronics.X-CUBE-MEMS1.8.2.0: no header file found
2021-05-14 16:56:40,410 [WARN] ApiManager:294 - Cannot register API 'Board Extension:IKS02A1' from pack STMicroelectronics.X-CUBE-MEMS1.8.2.0: no header file found
2021-05-14 16:56:40,425 [WARN] ApiManager:294 - Cannot register API 'Board Extension:EEPRMA1' from pack STMicroelectronics.X-CUBE-EEPRMA1.3.0.0: no header file found
2021-05-14 16:56:40,425 [WARN] ApiManager:294 - Cannot register API 'Board Extension:EEPRMA2' from pack STMicroelectronics.X-CUBE-EEPRMA1.3.0.0: no header file found
2021-05-14 16:56:40,585 [WARN] ApiManager:294 - Cannot register API 'Board Extension:IKS01A3' from pack STMicroelectronics.X-CUBE-MEMS1.8.3.0: no header file found
2021-05-14 16:56:40,585 [WARN] ApiManager:294 - Cannot register API 'Board Extension:IKS01A2' from pack STMicroelectronics.X-CUBE-MEMS1.8.3.0: no header file found
2021-05-14 16:56:40,586 [WARN] ApiManager:294 - Cannot register API 'Board Extension:IKS02A1' from pack STMicroelectronics.X-CUBE-MEMS1.8.3.0: no header file found
2021-05-14 16:56:40,600 [INFO] RtosManager:464 - Registered RTOS mode: class=CMSIS, group=RTOS, mode=CMSIS_V1, owner=FREERTOS
2021-05-14 16:56:40,601 [INFO] RtosManager:464 - Registered RTOS mode: class=CMSIS, group=RTOS2, mode=CMSIS_V2, owner=FREERTOS
2021-05-14 16:56:40,601 [INFO] RtosManager:464 - Registered RTOS mode: class=RTOS, group=Core, mode=CMSIS_V1, owner=FREERTOS
2021-05-14 16:56:40,601 [INFO] RtosManager:464 - Registered RTOS mode: class=RTOS, group=Core, mode=CMSIS_V2, owner=FREERTOS
2021-05-14 16:56:40,602 [WARN] ModelIntegratedComponent:182 - Missing modes for component STMicroelectronics:FreeRTOS:0.0.1:STMicroelectronics:RTOS:FreeRTOS:Core:::10.2.0:
2021-05-14 16:56:40,606 [WARN] ApiManager:294 - Cannot register API 'Board Extension:GNSS1A1' from pack STMicroelectronics.X-CUBE-GNSS1.5.1.0: no header file found
2021-05-14 16:56:40,606 [WARN] ApiManager:294 - Cannot register API 'Board Support:Custom' from pack STMicroelectronics.X-CUBE-GNSS1.5.1.0: no header file found
2021-05-14 16:56:40,607 [WARN] ApiManager:294 - Cannot register API 'Data Exchange:lib_gnss' from pack STMicroelectronics.X-CUBE-GNSS1.5.1.0: no header file found
2021-05-14 16:56:40,608 [WARN] ApiManager:294 - Cannot register API 'Board Extension:GNSS1A1' from pack STMicroelectronics.X-CUBE-GNSS1.5.2.0: no header file found
2021-05-14 16:56:40,609 [WARN] ApiManager:294 - Cannot register API 'Board Support:Custom' from pack STMicroelectronics.X-CUBE-GNSS1.5.2.0: no header file found
2021-05-14 16:56:40,609 [WARN] ApiManager:294 - Cannot register API 'Data Exchange:lib_gnss' from pack STMicroelectronics.X-CUBE-GNSS1.5.2.0: no header file found
2021-05-14 16:56:40,611 [WARN] ApiManager:294 - Cannot register API 'Wireless:BlueNRG-MS' from pack STMicroelectronics.X-CUBE-BLE1.6.1.0: no header file found
2021-05-14 16:56:40,612 [WARN] ApiManager:294 - Cannot register API 'Wireless:BlueNRG-MS' from pack STMicroelectronics.X-CUBE-BLE1.6.2.0: no header file found
2021-05-14 16:56:40,616 [WARN] ApiManager:294 - Cannot register API 'Board Extension:NFC04A1' from pack STMicroelectronics.X-CUBE-NFC4.2.0.2: no header file found
2021-05-14 16:56:40,617 [WARN] ApiManager:294 - Cannot register API 'Board Extension:NFC04A1' from pack STMicroelectronics.X-CUBE-NFC4.2.0.1: no header file found
2021-05-14 16:56:40,621 [WARN] ApiManager:294 - Cannot register API 'Wireless:BlueNRG-2' from pack STMicroelectronics.X-CUBE-BLE2.3.1.0: no header file found
2021-05-14 16:56:40,622 [WARN] ApiManager:294 - Cannot register API 'Wireless:BlueNRG-2' from pack STMicroelectronics.X-CUBE-BLE2.3.2.0: no header file found
2021-05-14 16:56:42,074 [INFO] ImportTextPane:162 - (OptionalMessage_ERROR) IP (RCC) : Parameter (RTCHSEDivFreq_Value) has invalid value (4000000)
2021-05-14 16:56:42,652 [INFO] UtilMem:74 - End LoadConfig() Used Memory: 405630960 Bytes (495976448)
2021-05-14 16:56:42,665 [WARN] ThirdParty:749 - waiting for thirdparty lock release [change project]
2021-05-14 16:56:42,666 [INFO] ThirdParty:751 - entering critical section [change project]
2021-05-14 16:56:42,666 [INFO] ThirdParty:939 - CMSIS Pack Vendor :RoweBots I-CUBE-UNISONRTOS 5.5.0-4
2021-05-14 16:56:42,666 [INFO] ThirdParty:939 - CMSIS Pack Vendor :STMicroelectronics X-CUBE-SFXS2LP1 3.0.0
2021-05-14 16:56:42,666 [INFO] ThirdParty:939 - CMSIS Pack Vendor :STMicroelectronics USB_HOST 2.0.0
2021-05-14 16:56:42,666 [INFO] ThirdParty:939 - CMSIS Pack Vendor :STMicroelectronics X-CUBE-SUBG2 3.0.1
2021-05-14 16:56:42,667 [INFO] ThirdParty:939 - CMSIS Pack Vendor :STMicroelectronics USB_DEVICE 3.0.0
2021-05-14 16:56:42,667 [INFO] ThirdParty:939 - CMSIS Pack Vendor :STMicroelectronics HAL Drivers 0.0.0
2021-05-14 16:56:42,667 [INFO] ThirdParty:939 - CMSIS Pack Vendor :STMicroelectronics MBEDTLS 2.16.2
2021-05-14 16:56:42,667 [INFO] ThirdParty:939 - CMSIS Pack Vendor :STMicroelectronics X-CUBE-SFXS2LP1 2.0.0
2021-05-14 16:56:42,668 [INFO] ThirdParty:939 - CMSIS Pack Vendor :STMicroelectronics MBEDTLS 2.14.1
2021-05-14 16:56:42,668 [INFO] ThirdParty:939 - CMSIS Pack Vendor :STMicroelectronics X-CUBE-SUBG2 4.0.0
2021-05-14 16:56:42,668 [INFO] ThirdParty:939 - CMSIS Pack Vendor :STMicroelectronics X-CUBE-TOF1 1.0.0
2021-05-14 16:56:42,668 [INFO] ThirdParty:939 - CMSIS Pack Vendor :STMicroelectronics X-CUBE-AZRTOS-H7 1.0.0
2021-05-14 16:56:42,669 [INFO] ThirdParty:939 - CMSIS Pack Vendor :STMicroelectronics USB_DEVICE 2.0.0
2021-05-14 16:56:42,669 [INFO] ThirdParty:939 - CMSIS Pack Vendor :STMicroelectronics X-CUBE-MEMS1 8.2.0
2021-05-14 16:56:42,669 [INFO] ThirdParty:939 - CMSIS Pack Vendor :STMicroelectronics X-CUBE-EEPRMA1 3.0.0
2021-05-14 16:56:42,670 [INFO] ThirdParty:939 - CMSIS Pack Vendor :STMicroelectronics X-CUBE-MEMS1 8.3.0
2021-05-14 16:56:42,670 [INFO] ThirdParty:939 - CMSIS Pack Vendor :STMicroelectronics X-CUBE-DISPLAY 1.0.0
2021-05-14 16:56:42,670 [INFO] ThirdParty:939 - CMSIS Pack Vendor :STMicroelectronics FreeRTOS 0.0.1
2021-05-14 16:56:42,670 [INFO] ThirdParty:939 - CMSIS Pack Vendor :STMicroelectronics USB_DEVICE 1.0.0
2021-05-14 16:56:42,670 [INFO] ThirdParty:939 - CMSIS Pack Vendor :STMicroelectronics X-CUBE-AI 6.0.0
2021-05-14 16:56:42,671 [INFO] ThirdParty:939 - CMSIS Pack Vendor :STMicroelectronics X-CUBE-ALGOBUILD 1.1.0
2021-05-14 16:56:42,671 [INFO] ThirdParty:939 - CMSIS Pack Vendor :STMicroelectronics X-CUBE-ALGOBUILD 1.2.0
2021-05-14 16:56:42,671 [INFO] ThirdParty:939 - CMSIS Pack Vendor :STMicroelectronics X-CUBE-GNSS1 5.1.0
2021-05-14 16:56:42,671 [INFO] ThirdParty:939 - CMSIS Pack Vendor :STMicroelectronics X-CUBE-GNSS1 5.2.0
2021-05-14 16:56:42,671 [INFO] ThirdParty:939 - CMSIS Pack Vendor :STMicroelectronics X-CUBE-BLE1 6.1.0
2021-05-14 16:56:42,672 [INFO] ThirdParty:939 - CMSIS Pack Vendor :STMicroelectronics lwIP 2.0.3
2021-05-14 16:56:42,672 [INFO] ThirdParty:939 - CMSIS Pack Vendor :STMicroelectronics lwIP 2.1.2
2021-05-14 16:56:42,672 [INFO] ThirdParty:939 - CMSIS Pack Vendor :STMicroelectronics X-CUBE-BLE1 6.2.0
2021-05-14 16:56:42,672 [INFO] ThirdParty:939 - CMSIS Pack Vendor :STMicroelectronics USB_HOST 1.0.0
2021-05-14 16:56:42,672 [INFO] ThirdParty:939 - CMSIS Pack Vendor :STMicroelectronics X-CUBE-NFC4 2.0.2
2021-05-14 16:56:42,672 [INFO] ThirdParty:939 - CMSIS Pack Vendor :STMicroelectronics X-CUBE-NFC4 2.0.1
2021-05-14 16:56:42,673 [INFO] ThirdParty:939 - CMSIS Pack Vendor :wolfSSL I-CUBE-wolfSSL 4.7.0
2021-05-14 16:56:42,673 [INFO] ThirdParty:939 - CMSIS Pack Vendor :STMicroelectronics X-CUBE-TOUCHGFX 4.16.1
2021-05-14 16:56:42,673 [INFO] ThirdParty:939 - CMSIS Pack Vendor :STMicroelectronics X-CUBE-AI 5.2.0
2021-05-14 16:56:42,673 [INFO] ThirdParty:939 - CMSIS Pack Vendor :STMicroelectronics PDM2PCM 3.1.0
2021-05-14 16:56:42,673 [INFO] ThirdParty:939 - CMSIS Pack Vendor :STMicroelectronics X-CUBE-TOUCHGFX 4.16.0
2021-05-14 16:56:42,674 [INFO] ThirdParty:939 - CMSIS Pack Vendor :STMicroelectronics PDM2PCM 3.2.0
2021-05-14 16:56:42,674 [INFO] ThirdParty:939 - CMSIS Pack Vendor :STMicroelectronics X-CUBE-BLE2 3.1.0
2021-05-14 16:56:42,674 [INFO] ThirdParty:939 - CMSIS Pack Vendor :STMicroelectronics PDM2PCM 3.3.0
2021-05-14 16:56:42,674 [INFO] ThirdParty:939 - CMSIS Pack Vendor :STMicroelectronics X-CUBE-BLE2 3.2.0
2021-05-14 16:56:42,674 [INFO] ThirdParty:757 - exiting critical section [change project]
2021-05-14 16:56:43,172 [INFO] PinOutPanel:1434 - setPackage(No Configuration,No Configuration)
2021-05-14 16:56:43,175 [INFO] PinOutPanel:1434 - setPackage(STM32F401RETx,LQFP64)
2021-05-14 16:56:44,210 [INFO] UtilMem:74 - Before build in PCC Used Memory: 350352224 Bytes (495976448)
2021-05-14 16:56:45,172 [INFO] SharedServices:72 - Folder for power plug-in: C:/Users/riza_/.stm32cubemx/plugins/power
2021-05-14 16:56:45,276 [INFO] SharedServices:72 - Folder for power plug-in: C:/Users/riza_/.stm32cubemx/plugins/power
2021-05-14 16:56:45,391 [INFO] SharedServices:72 - Folder for power plug-in: C:/Users/riza_/.stm32cubemx/plugins/power
2021-05-14 16:56:45,401 [INFO] SharedServices:72 - Folder for power plug-in: C:/Users/riza_/.stm32cubemx/plugins/power
2021-05-14 16:56:45,793 [INFO] UtilMem:74 - After build in PCC Used Memory: 406453080 Bytes (495976448)
2021-05-14 16:56:45,837 [INFO] IPUIPlugin:64 - create IPUIPlugin
2021-05-14 16:56:45,838 [INFO] IPUIPlugin:64 - create IPUIPlugin
2021-05-14 16:56:45,838 [INFO] IPUIPlugin:64 - create IPUIPlugin
2021-05-14 16:56:45,838 [INFO] IPUIPlugin:64 - create IPUIPlugin
2021-05-14 16:56:45,839 [INFO] IPUIPlugin:64 - create IPUIPlugin
2021-05-14 16:56:45,839 [INFO] IPUIPlugin:64 - create IPUIPlugin
2021-05-14 16:56:45,839 [INFO] IPUIPlugin:64 - create IPUIPlugin
2021-05-14 16:56:45,840 [INFO] IPUIPlugin:64 - create IPUIPlugin
2021-05-14 16:56:45,840 [INFO] IPUIPlugin:64 - create IPUIPlugin
2021-05-14 16:56:45,840 [INFO] IPUIPlugin:64 - create IPUIPlugin
2021-05-14 16:56:45,841 [INFO] IPUIPlugin:64 - create IPUIPlugin
2021-05-14 16:56:45,841 [INFO] IPUIPlugin:64 - create IPUIPlugin
2021-05-14 16:56:45,843 [INFO] IPUIPlugin:64 - create IPUIPlugin
2021-05-14 16:56:45,843 [INFO] IPUIPlugin:64 - create IPUIPlugin
2021-05-14 16:56:45,844 [INFO] IPUIPlugin:64 - create IPUIPlugin
2021-05-14 16:56:45,844 [INFO] IPUIPlugin:64 - create IPUIPlugin
2021-05-14 16:56:45,845 [INFO] IPUIPlugin:64 - create IPUIPlugin
2021-05-14 16:56:45,846 [INFO] IPUIPlugin:64 - create IPUIPlugin
2021-05-14 16:56:45,846 [INFO] IPUIPlugin:64 - create IPUIPlugin
2021-05-14 16:56:45,846 [INFO] IPUIPlugin:64 - create IPUIPlugin
2021-05-14 16:56:45,847 [INFO] IPUIPlugin:64 - create IPUIPlugin
2021-05-14 16:56:45,847 [INFO] IPUIPlugin:64 - create IPUIPlugin
2021-05-14 16:56:45,848 [INFO] IPUIPlugin:64 - create IPUIPlugin
2021-05-14 16:56:45,848 [INFO] IPUIPlugin:64 - create IPUIPlugin
2021-05-14 16:56:45,848 [INFO] IPUIPlugin:64 - create IPUIPlugin
2021-05-14 16:56:45,849 [INFO] IPUIPlugin:64 - create IPUIPlugin
2021-05-14 16:56:45,849 [INFO] IPUIPlugin:64 - create IPUIPlugin
2021-05-14 16:56:45,850 [INFO] IPUIPlugin:64 - create IPUIPlugin
2021-05-14 16:56:45,850 [INFO] IPUIPlugin:64 - create IPUIPlugin
2021-05-14 16:56:45,851 [INFO] IPUIPlugin:64 - create IPUIPlugin
2021-05-14 16:56:45,851 [INFO] IPUIPlugin:64 - create IPUIPlugin
2021-05-14 16:56:45,852 [INFO] IPUIPlugin:64 - create IPUIPlugin
2021-05-14 16:56:45,854 [INFO] IPUIPlugin:64 - create IPUIPlugin
2021-05-14 16:56:45,854 [INFO] IPUIPlugin:64 - create IPUIPlugin
2021-05-14 16:56:45,855 [INFO] IPUIPlugin:64 - create IPUIPlugin
2021-05-14 16:56:45,856 [INFO] IPUIPlugin:64 - create IPUIPlugin
2021-05-14 16:56:45,857 [INFO] IPUIPlugin:64 - create IPUIPlugin
2021-05-14 16:56:45,857 [INFO] IPUIPlugin:64 - create IPUIPlugin
2021-05-14 16:56:46,010 [INFO] ApiDbMcu:456 - Load IP Config File for PDM2PCM
2021-05-14 16:56:46,036 [WARN] IP:2091 - I2C_Coeff_DF not found: check if there is a RefParameter without a condition.
2021-05-14 16:56:46,036 [WARN] IP:2091 - Analog_Filter not found: check if there is a RefParameter without a condition.
2021-05-14 16:56:46,096 [INFO] LogOutputStream:76 - [STDOUT_REDIRECT] toolchainItems.length=====1
2021-05-14 16:56:46,312 [INFO] OpenFileManager:294 - Restore cursor
2021-05-14 16:56:46,494 [WARN] IP:2091 - I2C_Coeff_DF not found: check if there is a RefParameter without a condition.
2021-05-14 16:56:46,495 [WARN] IP:2091 - Analog_Filter not found: check if there is a RefParameter without a condition.
2021-05-14 16:56:46,496 [WARN] IP:2091 - I2C_Coeff_DF not found: check if there is a RefParameter without a condition.
2021-05-14 16:56:46,496 [WARN] IP:2091 - Analog_Filter not found: check if there is a RefParameter without a condition.
2021-05-14 16:56:47,027 [INFO] UtilMem:74 - End SaveConfig() Used Memory: 405402472 Bytes (495976448)
2021-05-14 16:56:47,209 [INFO] UtilMem:74 - End SaveConfig() Used Memory: 333908496 Bytes (495976448)
2021-05-14 16:56:48,123 [INFO] BlockDiagram:2735 - set Specific Code input for plugin: NVIC
2021-05-14 16:56:48,123 [INFO] BlockDiagram:2735 - set Specific Code input for plugin: USART
2021-05-14 16:56:48,123 [INFO] BlockDiagram:2735 - set Specific Code input for plugin: SYS
2021-05-14 16:56:48,124 [INFO] BlockDiagram:2735 - set Specific Code input for plugin: GPIO
2021-05-14 16:56:48,124 [INFO] BlockDiagram:2735 - set Specific Code input for plugin: ADC
2021-05-14 16:56:48,125 [INFO] BlockDiagram:2735 - set Specific Code input for plugin: RCC
2021-05-14 16:56:48,125 [INFO] BlockDiagram:2735 - set Specific Code input for plugin: I2C
2021-05-14 16:56:48,126 [INFO] CodeGenerator:639 - code generatio: config db path: C:\ST\STM32CubeIDE_1.5.1\STM32CubeIDE\plugins\com.st.stm32cube.common.mx_6.1.1.202012091304\\db\
2021-05-14 16:56:48,157 [WARN] IP:2091 - I2C_Coeff_DF not found: check if there is a RefParameter without a condition.
2021-05-14 16:56:48,158 [WARN] IP:2091 - Analog_Filter not found: check if there is a RefParameter without a condition.
2021-05-14 16:56:49,340 [INFO] CodeEngine:229 - oldGeneratedFile, C:\Users\riza_\Downloads\4o EBM\MICROCONTR\masb-workspace\masb-pot-s-gg\masb-pot-s-firmware\masb-pot-s-firmware\MXTmpFiles\license.tmp_save
2021-05-14 16:56:50,225 [INFO] CodeEngine:247 - Generated code: C:\Users\riza_\Downloads\4o EBM\MICROCONTR\masb-workspace\masb-pot-s-gg\masb-pot-s-firmware\masb-pot-s-firmware\MXTmpFiles\license.tmp
2021-05-14 16:56:50,347 [INFO] CodeEngine:229 - oldGeneratedFile, C:\Users\riza_\Downloads\4o EBM\MICROCONTR\masb-workspace\masb-pot-s-gg\masb-pot-s-firmware\masb-pot-s-firmware\MXTmpFiles\gpio.tmp_save
2021-05-14 16:56:50,613 [INFO] CodeEngine:247 - Generated code: C:\Users\riza_\Downloads\4o EBM\MICROCONTR\masb-workspace\masb-pot-s-gg\masb-pot-s-firmware\masb-pot-s-firmware\MXTmpFiles\gpio.tmp
2021-05-14 16:56:50,986 [INFO] LogOutputStream:76 - [STDOUT_REDIRECT] Command line
2021-05-14 16:56:50,989 [INFO] LogOutputStream:76 - [STDOUT_REDIRECT] Command line
2021-05-14 16:56:50,991 [INFO] LogOutputStream:76 - [STDOUT_REDIRECT] Command line
2021-05-14 16:56:51,024 [INFO] CodeEngine:229 - oldGeneratedFile, C:\Users\riza_\Downloads\4o EBM\MICROCONTR\masb-workspace\masb-pot-s-gg\masb-pot-s-firmware\masb-pot-s-firmware\Core\Src\stm32f4xx_it.c_save
2021-05-14 16:56:51,312 [INFO] CodeEngine:247 - Generated code: C:\Users\riza_\Downloads\4o EBM\MICROCONTR\masb-workspace\masb-pot-s-gg\masb-pot-s-firmware\masb-pot-s-firmware\Core\Src\stm32f4xx_it.c
2021-05-14 16:56:51,330 [INFO] CodeEngine:229 - oldGeneratedFile, C:\Users\riza_\Downloads\4o EBM\MICROCONTR\masb-workspace\masb-pot-s-gg\masb-pot-s-firmware\masb-pot-s-firmware\Core\Inc\stm32f4xx_it.h_save
2021-05-14 16:56:51,498 [INFO] CodeEngine:247 - Generated code: C:\Users\riza_\Downloads\4o EBM\MICROCONTR\masb-workspace\masb-pot-s-gg\masb-pot-s-firmware\masb-pot-s-firmware\Core\Inc\stm32f4xx_it.h
2021-05-14 16:56:51,580 [INFO] CodeEngine:229 - oldGeneratedFile, C:\Users\riza_\Downloads\4o EBM\MICROCONTR\masb-workspace\masb-pot-s-gg\masb-pot-s-firmware\masb-pot-s-firmware\Core\Src\stm32f4xx_hal_msp.c_save
2021-05-14 16:56:51,915 [INFO] CodeEngine:247 - Generated code: C:\Users\riza_\Downloads\4o EBM\MICROCONTR\masb-workspace\masb-pot-s-gg\masb-pot-s-firmware\masb-pot-s-firmware\Core\Src\stm32f4xx_hal_msp.c
2021-05-14 16:56:51,958 [INFO] CodeEngine:229 - oldGeneratedFile, C:\Users\riza_\Downloads\4o EBM\MICROCONTR\masb-workspace\masb-pot-s-gg\masb-pot-s-firmware\masb-pot-s-firmware\MXTmpFiles\system.tmp_save
2021-05-14 16:56:52,104 [INFO] CodeEngine:247 - Generated code: C:\Users\riza_\Downloads\4o EBM\MICROCONTR\masb-workspace\masb-pot-s-gg\masb-pot-s-firmware\masb-pot-s-firmware\MXTmpFiles\system.tmp
2021-05-14 16:56:52,135 [INFO] CodeEngine:229 - oldGeneratedFile, C:\Users\riza_\Downloads\4o EBM\MICROCONTR\masb-workspace\masb-pot-s-gg\masb-pot-s-firmware\masb-pot-s-firmware\Core\Inc\stm32f4xx_hal_conf.h_save
2021-05-14 16:56:52,447 [INFO] CodeEngine:247 - Generated code: C:\Users\riza_\Downloads\4o EBM\MICROCONTR\masb-workspace\masb-pot-s-gg\masb-pot-s-firmware\masb-pot-s-firmware\Core\Inc\stm32f4xx_hal_conf.h
2021-05-14 16:56:52,569 [INFO] CodeEngine:229 - oldGeneratedFile, C:\Users\riza_\Downloads\4o EBM\MICROCONTR\masb-workspace\masb-pot-s-gg\masb-pot-s-firmware\masb-pot-s-firmware\Core\Inc\main.h_save
2021-05-14 16:56:52,797 [INFO] CodeEngine:247 - Generated code: C:\Users\riza_\Downloads\4o EBM\MICROCONTR\masb-workspace\masb-pot-s-gg\masb-pot-s-firmware\masb-pot-s-firmware\Core\Inc\main.h
2021-05-14 16:56:52,824 [INFO] CodeEngine:229 - oldGeneratedFile, C:\Users\riza_\Downloads\4o EBM\MICROCONTR\masb-workspace\masb-pot-s-gg\masb-pot-s-firmware\masb-pot-s-firmware\Core\Src\main.c_save
2021-05-14 16:56:53,239 [INFO] CodeEngine:247 - Generated code: C:\Users\riza_\Downloads\4o EBM\MICROCONTR\masb-workspace\masb-pot-s-gg\masb-pot-s-firmware\masb-pot-s-firmware\Core\Src\main.c
2021-05-14 16:56:55,363 [INFO] ProjectBuilder:2328 - Time for Copy HAL[1] : 887mS.
2021-05-14 16:56:55,380 [INFO] ProjectBuilder:3259 - Project Generator version: 3.11.2
2021-05-14 16:56:56,082 [INFO] ConfigFileManager:1238 - The Die is : DIE433
2021-05-14 16:56:56,112 [INFO] ApiDbMcu:456 - Load IP Config File for FATFS
2021-05-14 16:56:56,131 [INFO] ApiDbMcu:456 - Load IP Config File for FREERTOS
2021-05-14 16:56:56,146 [INFO] ApiDbMcu:456 - Load IP Config File for LIBJPEG
2021-05-14 16:56:56,166 [INFO] ApiDbMcu:456 - Load IP Config File for MBEDTLS
2021-05-14 16:56:56,198 [INFO] ApiDbMcu:456 - Load IP Config File for USB_DEVICE
2021-05-14 16:56:56,216 [INFO] ApiDbMcu:456 - Load IP Config File for USB_HOST
2021-05-14 16:57:07,786 [INFO] ProjectBuilder:3425 - Time for Generating toolchain IDE Files: 12406mS.
2021-05-14 16:57:07,796 [INFO] ProjectBuilder:2207 - Time for Copy CMSIS : 10mS.
2021-05-14 16:57:07,796 [INFO] ProjectBuilder:2207 - Time for Copy CMSIS : 0mS.
2021-05-14 16:57:08,196 [INFO] ApiDb:263 - Save user favorites file C:\Users\riza_/.stm32cubeide/favorites.mcus.txt: 0 item(s)
2021-05-14 16:57:08,196 [INFO] ApiDb:267 - User favorites MCUs=[]
2021-05-14 17:16:27,926 [INFO] Activator:170 - 


2021-05-14 17:16:27,930 [INFO] Activator:171 - !SESSION log4j initialized
